<?xml version="1.0" encoding="UTF-8"?>
<testng-results skipped="0" failed="1" total="1" passed="0">
  <reporter-output>
    <line>
      <![CDATA[screen test: >> capture screenshot at D:\workspace\LazyAndroidTestDemo\screenShot\1471399798695.png<br/><img src="D:\workspace\LazyAndroidTestDemo/D:\workspace\LazyAndroidTestDemo\screenShot\1471399798695.png" />]]>
    </line>
  </reporter-output>
  <suite name="Default suite" duration-ms="28980" started-at="2016-08-17T02:09:33Z" finished-at="2016-08-17T02:10:02Z">
    <groups>
    </groups>
    <test name="Default test" duration-ms="28980" started-at="2016-08-17T02:09:33Z" finished-at="2016-08-17T02:10:02Z">
      <class name="test.java.test.DemoTest">
        <test-method status="PASS" signature="init()[pri:0, instance:test.java.test.DemoTest@6d0984e0]" name="init" is-config="true" duration-ms="12649" started-at="2016-08-17T10:09:34Z" finished-at="2016-08-17T10:09:46Z">
          <reporter-output>
          </reporter-output>
        </test-method> <!-- init -->
        <test-method status="FAIL" signature="loginTest()[pri:0, instance:test.java.test.DemoTest@6d0984e0]" name="loginTest" duration-ms="16299" started-at="2016-08-17T10:09:46Z" finished-at="2016-08-17T10:10:02Z">
          <exception class="java.lang.AssertionError">
            <message>
              <![CDATA[screen test: >> capture screenshot at D:\workspace\LazyAndroidTestDemo\screenShot\1471399798695.png]]>
            </message>
            <full-stacktrace>
              <![CDATA[java.lang.AssertionError: screen test: >> capture screenshot at D:\workspace\LazyAndroidTestDemo\screenShot\1471399798695.png
	at org.testng.Assert.fail(Assert.java:94)
	at lazy.android.common.LazyDriver.handleFailure(LazyDriver.java:645)
	at test.java.page.DemoPage.login(DemoPage.java:46)
	at test.java.test.DemoTest.loginTest(DemoTest.java:31)
	at sun.reflect.NativeMethodAccessorImpl.invoke0(Native Method)
	at sun.reflect.NativeMethodAccessorImpl.invoke(NativeMethodAccessorImpl.java:57)
	at sun.reflect.DelegatingMethodAccessorImpl.invoke(DelegatingMethodAccessorImpl.java:43)
	at java.lang.reflect.Method.invoke(Method.java:606)
	at org.testng.internal.MethodInvocationHelper.invokeMethod(MethodInvocationHelper.java:85)
	at org.testng.internal.Invoker.invokeMethod(Invoker.java:639)
	at org.testng.internal.Invoker.invokeTestMethod(Invoker.java:816)
	at org.testng.internal.Invoker.invokeTestMethods(Invoker.java:1124)
	at org.testng.internal.TestMethodWorker.invokeTestMethods(TestMethodWorker.java:125)
	at org.testng.internal.TestMethodWorker.run(TestMethodWorker.java:108)
	at org.testng.TestRunner.privateRun(TestRunner.java:774)
	at org.testng.TestRunner.run(TestRunner.java:624)
	at org.testng.SuiteRunner.runTest(SuiteRunner.java:359)
	at org.testng.SuiteRunner.runSequentially(SuiteRunner.java:354)
	at org.testng.SuiteRunner.privateRun(SuiteRunner.java:312)
	at org.testng.SuiteRunner.run(SuiteRunner.java:261)
	at org.testng.SuiteRunnerWorker.runSuite(SuiteRunnerWorker.java:52)
	at org.testng.SuiteRunnerWorker.run(SuiteRunnerWorker.java:86)
	at org.testng.TestNG.runSuitesSequentially(TestNG.java:1215)
	at org.testng.TestNG.runSuitesLocally(TestNG.java:1140)
	at org.testng.TestNG.run(TestNG.java:1048)
	at org.testng.remote.AbstractRemoteTestNG.run(AbstractRemoteTestNG.java:126)
	at org.testng.remote.RemoteTestNG.initAndRun(RemoteTestNG.java:137)
	at org.testng.remote.RemoteTestNG.main(RemoteTestNG.java:58)
]]>
            </full-stacktrace>
          </exception> <!-- java.lang.AssertionError -->
          <reporter-output>
            <line>
              <![CDATA[screen test: >> capture screenshot at D:\workspace\LazyAndroidTestDemo\screenShot\1471399798695.png<br/><img src="D:\workspace\LazyAndroidTestDemo/D:\workspace\LazyAndroidTestDemo\screenShot\1471399798695.png" />]]>
            </line>
          </reporter-output>
        </test-method> <!-- loginTest -->
      </class> <!-- test.java.test.DemoTest -->
    </test> <!-- Default test -->
  </suite> <!-- Default suite -->
</testng-results>
